{"synthetic": false,
 "schemaVersion": "2025-09-10",
 "outputs":
 {"o": ["d2e8fd890f4e3ad1.olean"],
  "m": false,
  "i": "2fc828db8beeb37b.ilean",
  "c": "d7ec87f7f3bce1bd.c"},
 "log":
 [{"message":
   ".> LEAN_PATH=/workspace/GraphCanonizationProofs/.lake/packages/Cli/.lake/build/lib/lean:/workspace/GraphCanonizationProofs/.lake/packages/batteries/.lake/build/lib/lean:/workspace/GraphCanonizationProofs/.lake/packages/Qq/.lake/build/lib/lean:/workspace/GraphCanonizationProofs/.lake/packages/aesop/.lake/build/lib/lean:/workspace/GraphCanonizationProofs/.lake/packages/proofwidgets/.lake/build/lib/lean:/workspace/GraphCanonizationProofs/.lake/packages/importGraph/.lake/build/lib/lean:/workspace/GraphCanonizationProofs/.lake/packages/LeanSearchClient/.lake/build/lib/lean:/workspace/GraphCanonizationProofs/.lake/packages/plausible/.lake/build/lib/lean:/workspace/GraphCanonizationProofs/.lake/packages/mathlib/.lake/build/lib/lean:/workspace/GraphCanonizationProofs/.lake/build/lib/lean /home/node/.elan/toolchains/leanprover--lean4---v4.30.0-rc2/bin/lean /workspace/GraphCanonizationProofs/FullCorrectness/Automorphism.lean -o /workspace/GraphCanonizationProofs/.lake/build/lib/lean/FullCorrectness/Automorphism.olean -i /workspace/GraphCanonizationProofs/.lake/build/lib/lean/FullCorrectness/Automorphism.ilean -c /workspace/GraphCanonizationProofs/.lake/build/ir/FullCorrectness/Automorphism.c --setup /workspace/GraphCanonizationProofs/.lake/build/ir/FullCorrectness/Automorphism.setup.json --json",
   "level": "trace"}],
 "inputs":
 [["FullCorrectness.Automorphism:deps",
   [["deps",
     [["GraphCanonizationProofs/FullCorrectness:extraDep",
       [["@GraphCanonizationProofs:extraDep", "00000000000006bb"]]],
      ["imports",
       [["FullCorrectness.Permutation transitive imports (legacy)",
         "67724417710c23d1"],
        ["FullCorrectness.Permutation:importAllArts", "8d84966419b06eb5"],
        ["Mathlib.Algebra.Group.Subgroup.Basic transitive imports (legacy)",
         "063762f38fbeb6ea"],
        ["Mathlib.Algebra.Group.Subgroup.Basic:importAllArts",
         "04161b1f08e17290"]]]]],
    ["libs",
     [["import dynlibs", "00000000000006bb"],
      ["package external libraries", "00000000000006bb"],
      ["module dynlibs", "00000000000006bb"],
      ["module plugins", "00000000000006bb"]]]]],
  ["Lean 4.30.0, commit 3dc1a088b6d2d8eafe25a7cd7ec7b58d731bd7cc",
   "2c8d2623007dfc36"],
  ["/workspace/GraphCanonizationProofs/FullCorrectness/Automorphism.lean",
   "f606fe977068a605"],
  ["options", "00000000000006bb"],
  ["isModule: false", "feefd2a0d3a1847e"],
  ["Module.name: FullCorrectness.Automorphism", "07dfa92c9b2f8b37"],
  ["Package.id?: (some GraphCanonizationProofs)", "4e2520c1089745eb"],
  ["Module.leanArgs: #[]", "00000000000006bb"]],
 "depHash": "263b32453788340b"}