{"synthetic": false,
 "schemaVersion": "2025-09-10",
 "outputs":
 {"o": ["bd8949363dd32195.olean"],
  "m": false,
  "i": "ac0dc759de74a68d.ilean",
  "c": "9ccc6d7f8536daa3.c"},
 "log":
 [{"message":
   ".> LEAN_PATH=/workspace/GraphCanonizationProofs/.lake/packages/Cli/.lake/build/lib/lean:/workspace/GraphCanonizationProofs/.lake/packages/batteries/.lake/build/lib/lean:/workspace/GraphCanonizationProofs/.lake/packages/Qq/.lake/build/lib/lean:/workspace/GraphCanonizationProofs/.lake/packages/aesop/.lake/build/lib/lean:/workspace/GraphCanonizationProofs/.lake/packages/proofwidgets/.lake/build/lib/lean:/workspace/GraphCanonizationProofs/.lake/packages/importGraph/.lake/build/lib/lean:/workspace/GraphCanonizationProofs/.lake/packages/LeanSearchClient/.lake/build/lib/lean:/workspace/GraphCanonizationProofs/.lake/packages/plausible/.lake/build/lib/lean:/workspace/GraphCanonizationProofs/.lake/packages/mathlib/.lake/build/lib/lean:/workspace/GraphCanonizationProofs/.lake/build/lib/lean /home/node/.elan/toolchains/leanprover--lean4---v4.30.0-rc2/bin/lean /workspace/GraphCanonizationProofs/FullCorrectness/Basic.lean -o /workspace/GraphCanonizationProofs/.lake/build/lib/lean/FullCorrectness/Basic.olean -i /workspace/GraphCanonizationProofs/.lake/build/lib/lean/FullCorrectness/Basic.ilean -c /workspace/GraphCanonizationProofs/.lake/build/ir/FullCorrectness/Basic.c --setup /workspace/GraphCanonizationProofs/.lake/build/ir/FullCorrectness/Basic.setup.json --json",
   "level": "trace"}],
 "inputs":
 [["FullCorrectness.Basic:deps",
   [["deps",
     [["GraphCanonizationProofs/FullCorrectness:extraDep",
       [["@GraphCanonizationProofs:extraDep", "00000000000006bb"]]],
      ["imports",
       [["LeanGraphCanonizerV4 transitive imports (legacy)",
         "ed33e842c51feb76"],
        ["LeanGraphCanonizerV4:importAllArts", "4a260bf1c99e4387"],
        ["Mathlib.Tactic transitive imports (legacy)", "19cd76385ba64639"],
        ["Mathlib.Tactic:importAllArts", "cb1b22a5f1bb1b84"]]]]],
    ["libs",
     [["import dynlibs", "00000000000006bb"],
      ["package external libraries", "00000000000006bb"],
      ["module dynlibs", "00000000000006bb"],
      ["module plugins", "00000000000006bb"]]]]],
  ["Lean 4.30.0, commit 3dc1a088b6d2d8eafe25a7cd7ec7b58d731bd7cc",
   "2c8d2623007dfc36"],
  ["/workspace/GraphCanonizationProofs/FullCorrectness/Basic.lean",
   "0e97d9b58eaa15bd"],
  ["options", "00000000000006bb"],
  ["isModule: false", "feefd2a0d3a1847e"],
  ["Module.name: FullCorrectness.Basic", "3fb6a951e5a551f8"],
  ["Package.id?: (some GraphCanonizationProofs)", "4e2520c1089745eb"],
  ["Module.leanArgs: #[]", "00000000000006bb"]],
 "depHash": "58574968aa923132"}