{"synthetic": false,
 "schemaVersion": "2025-09-10",
 "outputs":
 {"o": ["ba9dda17283da362.olean"],
  "m": false,
  "i": "abe677fd0c4c0977.ilean",
  "c": "e468f7d09cef0f08.c"},
 "log":
 [{"message":
   ".> LEAN_PATH=/workspace/GraphCanonizationProofs/.lake/packages/Cli/.lake/build/lib/lean:/workspace/GraphCanonizationProofs/.lake/packages/batteries/.lake/build/lib/lean:/workspace/GraphCanonizationProofs/.lake/packages/Qq/.lake/build/lib/lean:/workspace/GraphCanonizationProofs/.lake/packages/aesop/.lake/build/lib/lean:/workspace/GraphCanonizationProofs/.lake/packages/proofwidgets/.lake/build/lib/lean:/workspace/GraphCanonizationProofs/.lake/packages/importGraph/.lake/build/lib/lean:/workspace/GraphCanonizationProofs/.lake/packages/LeanSearchClient/.lake/build/lib/lean:/workspace/GraphCanonizationProofs/.lake/packages/plausible/.lake/build/lib/lean:/workspace/GraphCanonizationProofs/.lake/packages/mathlib/.lake/build/lib/lean:/workspace/GraphCanonizationProofs/.lake/build/lib/lean /home/node/.elan/toolchains/leanprover--lean4---v4.30.0-rc2/bin/lean /workspace/GraphCanonizationProofs/FullCorrectness/Isomorphic.lean -o /workspace/GraphCanonizationProofs/.lake/build/lib/lean/FullCorrectness/Isomorphic.olean -i /workspace/GraphCanonizationProofs/.lake/build/lib/lean/FullCorrectness/Isomorphic.ilean -c /workspace/GraphCanonizationProofs/.lake/build/ir/FullCorrectness/Isomorphic.c --setup /workspace/GraphCanonizationProofs/.lake/build/ir/FullCorrectness/Isomorphic.setup.json --json",
   "level": "trace"}],
 "inputs":
 [["FullCorrectness.Isomorphic:deps",
   [["deps",
     [["GraphCanonizationProofs/FullCorrectness:extraDep",
       [["@GraphCanonizationProofs:extraDep", "00000000000006bb"]]],
      ["imports",
       [["FullCorrectness.Automorphism transitive imports (legacy)",
         "db136c2236e7d118"],
        ["FullCorrectness.Automorphism:importAllArts", "beabbe788aa16de8"]]]]],
    ["libs",
     [["import dynlibs", "00000000000006bb"],
      ["package external libraries", "00000000000006bb"],
      ["module dynlibs", "00000000000006bb"],
      ["module plugins", "00000000000006bb"]]]]],
  ["Lean 4.30.0, commit 3dc1a088b6d2d8eafe25a7cd7ec7b58d731bd7cc",
   "2c8d2623007dfc36"],
  ["/workspace/GraphCanonizationProofs/FullCorrectness/Isomorphic.lean",
   "33c271e6a8732d85"],
  ["options", "00000000000006bb"],
  ["isModule: false", "feefd2a0d3a1847e"],
  ["Module.name: FullCorrectness.Isomorphic", "08ba7e70ed68f8f4"],
  ["Package.id?: (some GraphCanonizationProofs)", "4e2520c1089745eb"],
  ["Module.leanArgs: #[]", "00000000000006bb"]],
 "depHash": "8b531e69d3562d52"}