{"synthetic": false,
 "schemaVersion": "2025-09-10",
 "outputs":
 {"o": ["3195d9a656ba1354.olean"],
  "m": false,
  "i": "1077b621f55ba1fb.ilean",
  "c": "5c4c003bcdf4364f.c"},
 "log":
 [{"message":
   ".> LEAN_PATH=/workspace/GraphCanonizationProofs/.lake/packages/Cli/.lake/build/lib/lean:/workspace/GraphCanonizationProofs/.lake/packages/batteries/.lake/build/lib/lean:/workspace/GraphCanonizationProofs/.lake/packages/Qq/.lake/build/lib/lean:/workspace/GraphCanonizationProofs/.lake/packages/aesop/.lake/build/lib/lean:/workspace/GraphCanonizationProofs/.lake/packages/proofwidgets/.lake/build/lib/lean:/workspace/GraphCanonizationProofs/.lake/packages/importGraph/.lake/build/lib/lean:/workspace/GraphCanonizationProofs/.lake/packages/LeanSearchClient/.lake/build/lib/lean:/workspace/GraphCanonizationProofs/.lake/packages/plausible/.lake/build/lib/lean:/workspace/GraphCanonizationProofs/.lake/packages/mathlib/.lake/build/lib/lean:/workspace/GraphCanonizationProofs/.lake/build/lib/lean /home/node/.elan/toolchains/leanprover--lean4---v4.30.0-rc2/bin/lean /workspace/GraphCanonizationProofs/FullCorrectness/Permutation.lean -o /workspace/GraphCanonizationProofs/.lake/build/lib/lean/FullCorrectness/Permutation.olean -i /workspace/GraphCanonizationProofs/.lake/build/lib/lean/FullCorrectness/Permutation.ilean -c /workspace/GraphCanonizationProofs/.lake/build/ir/FullCorrectness/Permutation.c --setup /workspace/GraphCanonizationProofs/.lake/build/ir/FullCorrectness/Permutation.setup.json --json",
   "level": "trace"}],
 "inputs":
 [["FullCorrectness.Permutation:deps",
   [["deps",
     [["GraphCanonizationProofs/FullCorrectness:extraDep",
       [["@GraphCanonizationProofs:extraDep", "00000000000006bb"]]],
      ["imports",
       [["FullCorrectness.Basic transitive imports (legacy)",
         "413f4c8f3ff2452a"],
        ["FullCorrectness.Basic:importAllArts", "a064f2fec718bbb6"],
        ["Mathlib.GroupTheory.Perm.Basic transitive imports (legacy)",
         "2c683933f01c8482"],
        ["Mathlib.GroupTheory.Perm.Basic:importAllArts",
         "4fe6e18bce30e6d7"]]]]],
    ["libs",
     [["import dynlibs", "00000000000006bb"],
      ["package external libraries", "00000000000006bb"],
      ["module dynlibs", "00000000000006bb"],
      ["module plugins", "00000000000006bb"]]]]],
  ["Lean 4.30.0, commit 3dc1a088b6d2d8eafe25a7cd7ec7b58d731bd7cc",
   "2c8d2623007dfc36"],
  ["/workspace/GraphCanonizationProofs/FullCorrectness/Permutation.lean",
   "4455ec8a28e5a535"],
  ["options", "00000000000006bb"],
  ["isModule: false", "feefd2a0d3a1847e"],
  ["Module.name: FullCorrectness.Permutation", "c241e88ba58a218e"],
  ["Package.id?: (some GraphCanonizationProofs)", "4e2520c1089745eb"],
  ["Module.leanArgs: #[]", "00000000000006bb"]],
 "depHash": "a4c676fae6236290"}