{"synthetic": false,
 "schemaVersion": "2025-09-10",
 "outputs":
 {"o": ["f87ad1dc1db0e5e7.olean"],
  "m": false,
  "i": "b49370e7c725ac7f.ilean",
  "c": "b5106385c7a995ce.c"},
 "log":
 [{"message":
   ".> LEAN_PATH=/workspace/GraphCanonizationProofs/.lake/packages/Cli/.lake/build/lib/lean:/workspace/GraphCanonizationProofs/.lake/packages/batteries/.lake/build/lib/lean:/workspace/GraphCanonizationProofs/.lake/packages/Qq/.lake/build/lib/lean:/workspace/GraphCanonizationProofs/.lake/packages/aesop/.lake/build/lib/lean:/workspace/GraphCanonizationProofs/.lake/packages/proofwidgets/.lake/build/lib/lean:/workspace/GraphCanonizationProofs/.lake/packages/importGraph/.lake/build/lib/lean:/workspace/GraphCanonizationProofs/.lake/packages/LeanSearchClient/.lake/build/lib/lean:/workspace/GraphCanonizationProofs/.lake/packages/plausible/.lake/build/lib/lean:/workspace/GraphCanonizationProofs/.lake/packages/mathlib/.lake/build/lib/lean:/workspace/GraphCanonizationProofs/.lake/build/lib/lean /home/node/.elan/toolchains/leanprover--lean4---v4.30.0-rc2/bin/lean /workspace/GraphCanonizationProofs/FullCorrectness.lean -o /workspace/GraphCanonizationProofs/.lake/build/lib/lean/FullCorrectness.olean -i /workspace/GraphCanonizationProofs/.lake/build/lib/lean/FullCorrectness.ilean -c /workspace/GraphCanonizationProofs/.lake/build/ir/FullCorrectness.c --setup /workspace/GraphCanonizationProofs/.lake/build/ir/FullCorrectness.setup.json --json",
   "level": "trace"}],
 "inputs":
 [["FullCorrectness:deps",
   [["deps",
     [["GraphCanonizationProofs/FullCorrectness:extraDep",
       [["@GraphCanonizationProofs:extraDep", "00000000000006bb"]]],
      ["imports",
       [["FullCorrectness.Basic transitive imports (legacy)",
         "413f4c8f3ff2452a"],
        ["FullCorrectness.Basic:importAllArts", "a064f2fec718bbb6"],
        ["FullCorrectness.Permutation transitive imports (legacy)",
         "67724417710c23d1"],
        ["FullCorrectness.Permutation:importAllArts", "8d84966419b06eb5"],
        ["FullCorrectness.Automorphism transitive imports (legacy)",
         "db136c2236e7d118"],
        ["FullCorrectness.Automorphism:importAllArts", "beabbe788aa16de8"],
        ["FullCorrectness.Isomorphic transitive imports (legacy)",
         "7afeac7609a7d596"],
        ["FullCorrectness.Isomorphic:importAllArts", "1bbf80bf10a563bd"]]]]],
    ["libs",
     [["import dynlibs", "00000000000006bb"],
      ["package external libraries", "00000000000006bb"],
      ["module dynlibs", "00000000000006bb"],
      ["module plugins", "00000000000006bb"]]]]],
  ["Lean 4.30.0, commit 3dc1a088b6d2d8eafe25a7cd7ec7b58d731bd7cc",
   "2c8d2623007dfc36"],
  ["/workspace/GraphCanonizationProofs/FullCorrectness.lean",
   "1b611b3c78a068ee"],
  ["options", "00000000000006bb"],
  ["isModule: false", "feefd2a0d3a1847e"],
  ["Module.name: FullCorrectness", "fe2775a4f11775d2"],
  ["Package.id?: (some GraphCanonizationProofs)", "4e2520c1089745eb"],
  ["Module.leanArgs: #[]", "00000000000006bb"]],
 "depHash": "25d68fa4a5ea919f"}