{"synthetic": false,
 "schemaVersion": "2025-09-10",
 "outputs":
 {"o": ["f08271d44a877747.olean"],
  "m": false,
  "i": "f8aa46463356aaae.ilean",
  "c": "d17195f7be7eb238.c"},
 "log":
 [{"message":
   ".> LEAN_PATH=/workspace/GraphCanonizationProofs/.lake/packages/Cli/.lake/build/lib/lean:/workspace/GraphCanonizationProofs/.lake/packages/batteries/.lake/build/lib/lean:/workspace/GraphCanonizationProofs/.lake/packages/Qq/.lake/build/lib/lean:/workspace/GraphCanonizationProofs/.lake/packages/aesop/.lake/build/lib/lean:/workspace/GraphCanonizationProofs/.lake/packages/proofwidgets/.lake/build/lib/lean:/workspace/GraphCanonizationProofs/.lake/packages/importGraph/.lake/build/lib/lean:/workspace/GraphCanonizationProofs/.lake/packages/LeanSearchClient/.lake/build/lib/lean:/workspace/GraphCanonizationProofs/.lake/packages/plausible/.lake/build/lib/lean:/workspace/GraphCanonizationProofs/.lake/packages/mathlib/.lake/build/lib/lean:/workspace/GraphCanonizationProofs/.lake/build/lib/lean /home/node/.elan/toolchains/leanprover--lean4---v4.30.0-rc2/bin/lean /workspace/GraphCanonizationProofs/GraphStructureAttempt1.lean -o /workspace/GraphCanonizationProofs/.lake/build/lib/lean/GraphStructureAttempt1.olean -i /workspace/GraphCanonizationProofs/.lake/build/lib/lean/GraphStructureAttempt1.ilean -c /workspace/GraphCanonizationProofs/.lake/build/ir/GraphStructureAttempt1.c --setup /workspace/GraphCanonizationProofs/.lake/build/ir/GraphStructureAttempt1.setup.json --json",
   "level": "trace"},
  {"message":
   "GraphStructureAttempt1.lean:36:41: @Isomorphic does not have a doc string",
   "level": "warning"},
  {"message": "GraphStructureAttempt1.lean:100:0: #[0, 3, 1, 1, 4]",
   "level": "info"},
  {"message": "GraphStructureAttempt1.lean:101:0: #[0, 0, 0]", "level": "info"},
  {"message": "GraphStructureAttempt1.lean:102:0: #[2, 0, 1]", "level": "info"},
  {"message": "GraphStructureAttempt1.lean:116:0: [1, 1, 2, 3, 4, 5, 6, 9]",
   "level": "info"},
  {"message": "GraphStructureAttempt1.lean:128:0: Ordering.eq",
   "level": "info"},
  {"message": "GraphStructureAttempt1.lean:129:0: Ordering.lt",
   "level": "info"},
  {"message": "GraphStructureAttempt1.lean:130:0: Ordering.gt",
   "level": "info"},
  {"message": "GraphStructureAttempt1.lean:182:0: Ordering.lt",
   "level": "info"},
  {"message": "GraphStructureAttempt1.lean:184:0: Ordering.eq",
   "level": "info"},
  {"message": "GraphStructureAttempt1.lean:186:0: Ordering.gt",
   "level": "info"}],
 "inputs":
 [["GraphStructureAttempt1:deps",
   [["deps",
     [["GraphCanonizationProofs/GraphStructureAttempt1:extraDep",
       [["@GraphCanonizationProofs:extraDep", "00000000000006bb"]]],
      ["imports",
       [["Mathlib.Tactic transitive imports (legacy)", "19cd76385ba64639"],
        ["Mathlib.Tactic:importAllArts", "cb1b22a5f1bb1b84"],
        ["Aesop transitive imports (legacy)", "f635a6244d6db0f2"],
        ["Aesop:importAllArts", "858eac623143ce13"]]]]],
    ["libs",
     [["import dynlibs", "00000000000006bb"],
      ["package external libraries", "00000000000006bb"],
      ["module dynlibs", "00000000000006bb"],
      ["module plugins", "00000000000006bb"]]]]],
  ["Lean 4.30.0, commit 3dc1a088b6d2d8eafe25a7cd7ec7b58d731bd7cc",
   "2c8d2623007dfc36"],
  ["/workspace/GraphCanonizationProofs/GraphStructureAttempt1.lean",
   "f7e4b051eceddbe5"],
  ["options", "00000000000006bb"],
  ["isModule: false", "feefd2a0d3a1847e"],
  ["Module.name: GraphStructureAttempt1", "e936ae72660529dd"],
  ["Package.id?: (some GraphCanonizationProofs)", "4e2520c1089745eb"],
  ["Module.leanArgs: #[]", "00000000000006bb"]],
 "depHash": "eef08aea6b15706e"}