{"synthetic": false,
 "schemaVersion": "2025-09-10",
 "outputs":
 {"o": ["c23975448a8c6583.olean"],
  "m": false,
  "i": "8fac326b5e6ead25.ilean",
  "c": "fa2de260cfb158be.c"},
 "log":
 [{"message":
   ".> LEAN_PATH=/workspace/GraphCanonizationProofs/.lake/packages/Cli/.lake/build/lib/lean:/workspace/GraphCanonizationProofs/.lake/packages/batteries/.lake/build/lib/lean:/workspace/GraphCanonizationProofs/.lake/packages/Qq/.lake/build/lib/lean:/workspace/GraphCanonizationProofs/.lake/packages/aesop/.lake/build/lib/lean:/workspace/GraphCanonizationProofs/.lake/packages/proofwidgets/.lake/build/lib/lean:/workspace/GraphCanonizationProofs/.lake/packages/importGraph/.lake/build/lib/lean:/workspace/GraphCanonizationProofs/.lake/packages/LeanSearchClient/.lake/build/lib/lean:/workspace/GraphCanonizationProofs/.lake/packages/plausible/.lake/build/lib/lean:/workspace/GraphCanonizationProofs/.lake/packages/mathlib/.lake/build/lib/lean:/workspace/GraphCanonizationProofs/.lake/build/lib/lean /home/node/.elan/toolchains/leanprover--lean4---v4.30.0-rc2/bin/lean /workspace/GraphCanonizationProofs/LeanGraphCanonizerV4FullCorrectness.lean -o /workspace/GraphCanonizationProofs/.lake/build/lib/lean/LeanGraphCanonizerV4FullCorrectness.olean -i /workspace/GraphCanonizationProofs/.lake/build/lib/lean/LeanGraphCanonizerV4FullCorrectness.ilean -c /workspace/GraphCanonizationProofs/.lake/build/ir/LeanGraphCanonizerV4FullCorrectness.c --setup /workspace/GraphCanonizationProofs/.lake/build/ir/LeanGraphCanonizerV4FullCorrectness.setup.json --json",
   "level": "trace"}],
 "inputs":
 [["LeanGraphCanonizerV4FullCorrectness:deps",
   [["deps",
     [["GraphCanonizationProofs/LeanGraphCanonizerV4FullCorrectness:extraDep",
       [["@GraphCanonizationProofs:extraDep", "00000000000006bb"]]],
      ["imports",
       [["LeanGraphCanonizerV4 transitive imports (legacy)",
         "ed33e842c51feb76"],
        ["LeanGraphCanonizerV4:importAllArts", "4a260bf1c99e4387"],
        ["LeanGraphCanonizerV4Correctness transitive imports (legacy)",
         "413f4c8f3ff2452a"],
        ["LeanGraphCanonizerV4Correctness:importAllArts", "74743a754bda6db5"],
        ["Mathlib.Tactic transitive imports (legacy)", "19cd76385ba64639"],
        ["Mathlib.Tactic:importAllArts", "cb1b22a5f1bb1b84"],
        ["Mathlib.GroupTheory.Perm.Basic transitive imports (legacy)",
         "2c683933f01c8482"],
        ["Mathlib.GroupTheory.Perm.Basic:importAllArts", "4fe6e18bce30e6d7"],
        ["Mathlib.Algebra.Group.Subgroup.Basic transitive imports (legacy)",
         "063762f38fbeb6ea"],
        ["Mathlib.Algebra.Group.Subgroup.Basic:importAllArts",
         "04161b1f08e17290"]]]]],
    ["libs",
     [["import dynlibs", "00000000000006bb"],
      ["package external libraries", "00000000000006bb"],
      ["module dynlibs", "00000000000006bb"],
      ["module plugins", "00000000000006bb"]]]]],
  ["Lean 4.30.0, commit 3dc1a088b6d2d8eafe25a7cd7ec7b58d731bd7cc",
   "2c8d2623007dfc36"],
  ["/workspace/GraphCanonizationProofs/LeanGraphCanonizerV4FullCorrectness.lean",
   "4a4a6cd9ae35e647"],
  ["options", "00000000000006bb"],
  ["isModule: false", "feefd2a0d3a1847e"],
  ["Module.name: LeanGraphCanonizerV4FullCorrectness", "2d2ab1eb78435663"],
  ["Package.id?: (some GraphCanonizationProofs)", "4e2520c1089745eb"],
  ["Module.leanArgs: #[]", "00000000000006bb"]],
 "depHash": "57241e3abe38c760"}