{"synthetic": false,
 "schemaVersion": "2025-09-10",
 "outputs":
 {"o": ["ca52523262fa8d46.olean"],
  "m": false,
  "i": "a612ee7a5a2dcbfd.ilean",
  "c": "15eb7bac73e8ac5f.c"},
 "log":
 [{"message":
   ".> LEAN_PATH=/workspace/GraphCanonizationProofs/.lake/packages/Cli/.lake/build/lib/lean:/workspace/GraphCanonizationProofs/.lake/packages/batteries/.lake/build/lib/lean:/workspace/GraphCanonizationProofs/.lake/packages/Qq/.lake/build/lib/lean:/workspace/GraphCanonizationProofs/.lake/packages/aesop/.lake/build/lib/lean:/workspace/GraphCanonizationProofs/.lake/packages/proofwidgets/.lake/build/lib/lean:/workspace/GraphCanonizationProofs/.lake/packages/importGraph/.lake/build/lib/lean:/workspace/GraphCanonizationProofs/.lake/packages/LeanSearchClient/.lake/build/lib/lean:/workspace/GraphCanonizationProofs/.lake/packages/plausible/.lake/build/lib/lean:/workspace/GraphCanonizationProofs/.lake/packages/mathlib/.lake/build/lib/lean:/workspace/GraphCanonizationProofs/.lake/build/lib/lean /home/node/.elan/toolchains/leanprover--lean4---v4.30.0-rc2/bin/lean /workspace/GraphCanonizationProofs/UniqueGraphsBySize.lean -o /workspace/GraphCanonizationProofs/.lake/build/lib/lean/UniqueGraphsBySize.olean -i /workspace/GraphCanonizationProofs/.lake/build/lib/lean/UniqueGraphsBySize.ilean -c /workspace/GraphCanonizationProofs/.lake/build/ir/UniqueGraphsBySize.c --setup /workspace/GraphCanonizationProofs/.lake/build/ir/UniqueGraphsBySize.setup.json --json",
   "level": "trace"}],
 "inputs":
 [["UniqueGraphsBySize:deps",
   [["deps",
     [["GraphCanonizationProofs/UniqueGraphsBySize:extraDep",
       [["@GraphCanonizationProofs:extraDep", "00000000000006bb"]]],
      ["imports",
       [["LeanGraphCanonizerV4 transitive imports (legacy)",
         "ed33e842c51feb76"],
        ["LeanGraphCanonizerV4:importAllArts", "ae91682b55a66956"]]]]],
    ["libs",
     [["import dynlibs", "00000000000006bb"],
      ["package external libraries", "00000000000006bb"],
      ["module dynlibs", "00000000000006bb"],
      ["module plugins", "00000000000006bb"]]]]],
  ["Lean 4.30.0, commit 3dc1a088b6d2d8eafe25a7cd7ec7b58d731bd7cc",
   "2c8d2623007dfc36"],
  ["/workspace/GraphCanonizationProofs/UniqueGraphsBySize.lean",
   "e7695cae377fd79c"],
  ["options", "00000000000006bb"],
  ["isModule: false", "feefd2a0d3a1847e"],
  ["Module.name: UniqueGraphsBySize", "26b8a7a3faa89128"],
  ["Package.id?: (some GraphCanonizationProofs)", "4e2520c1089745eb"],
  ["Module.leanArgs: #[]", "00000000000006bb"]],
 "depHash": "38a1b00c2d707f5d"}