{"synthetic": false,
 "schemaVersion": "2025-09-10",
 "outputs":
 {"o": ["1d6fbaec79426c1a.olean"],
  "m": false,
  "i": "0a0f29f207290d4b.ilean",
  "c": "4d62cb4fbe169f35.c"},
 "log":
 [{"message":
   ".> LEAN_PATH=/workspace/hello-world/.lake/packages/Cli/.lake/build/lib/lean:/workspace/hello-world/.lake/packages/batteries/.lake/build/lib/lean:/workspace/hello-world/.lake/packages/Qq/.lake/build/lib/lean:/workspace/hello-world/.lake/packages/aesop/.lake/build/lib/lean:/workspace/hello-world/.lake/packages/proofwidgets/.lake/build/lib/lean:/workspace/hello-world/.lake/packages/importGraph/.lake/build/lib/lean:/workspace/hello-world/.lake/packages/LeanSearchClient/.lake/build/lib/lean:/workspace/hello-world/.lake/packages/plausible/.lake/build/lib/lean:/workspace/hello-world/.lake/packages/mathlib/.lake/build/lib/lean:/workspace/hello-world/.lake/build/lib/lean /home/node/.elan/toolchains/leanprover--lean4---v4.30.0-rc2/bin/lean /workspace/hello-world/GraphStructureAttempt1.lean -o /workspace/hello-world/.lake/build/lib/lean/GraphStructureAttempt1.olean -i /workspace/hello-world/.lake/build/lib/lean/GraphStructureAttempt1.ilean -c /workspace/hello-world/.lake/build/ir/GraphStructureAttempt1.c --setup /workspace/hello-world/.lake/build/ir/GraphStructureAttempt1.setup.json --json",
   "level": "trace"}],
 "inputs":
 [["GraphStructureAttempt1:deps",
   [["deps",
     [["«hello-world»/GraphStructureAttempt1:extraDep",
       [["@«hello-world»:extraDep", "00000000000006bb"]]],
      ["imports",
       [["Mathlib.Tactic transitive imports (legacy)", "19cd76385ba64639"],
        ["Mathlib.Tactic:importAllArts", "cb1b22a5f1bb1b84"],
        ["Aesop transitive imports (legacy)", "f635a6244d6db0f2"],
        ["Aesop:importAllArts", "858eac623143ce13"]]]]],
    ["libs",
     [["import dynlibs", "00000000000006bb"],
      ["package external libraries", "00000000000006bb"],
      ["module dynlibs", "00000000000006bb"],
      ["module plugins", "00000000000006bb"]]]]],
  ["Lean 4.30.0, commit 3dc1a088b6d2d8eafe25a7cd7ec7b58d731bd7cc",
   "2c8d2623007dfc36"],
  ["/workspace/hello-world/GraphStructureAttempt1.lean", "6583eb7f6f938c4c"],
  ["options", "00000000000006bb"],
  ["isModule: false", "feefd2a0d3a1847e"],
  ["Module.name: GraphStructureAttempt1", "e936ae72660529dd"],
  ["Package.id?: (some hello-world)", "a3c2137928c43c4d"],
  ["Module.leanArgs: #[]", "00000000000006bb"]],
 "depHash": "04faaed9b3bef31b"}