{"synthetic": false,
 "schemaVersion": "2025-09-10",
 "outputs":
 {"o": ["f023ebf8decb1afe.olean"],
  "i": "8f8f2d5228094adb.ilean",
  "c": "e96938bd832121cf.c"},
 "log":
 [{"message":
   ".> LEAN_PATH=/workspace/hello-world/.lake/build/lib/lean /home/node/.elan/toolchains/leanprover--lean4---v4.29.1/bin/lean /workspace/hello-world/HelloWorld.lean -o /workspace/hello-world/.lake/build/lib/lean/HelloWorld.olean -i /workspace/hello-world/.lake/build/lib/lean/HelloWorld.ilean -c /workspace/hello-world/.lake/build/ir/HelloWorld.c --setup /workspace/hello-world/.lake/build/ir/HelloWorld.setup.json --json",
   "level": "trace"}],
 "inputs":
 [["HelloWorld:deps",
   [["deps",
     [["«hello-world»/«hello-world»:extraDep",
       [["@«hello-world»:extraDep", "00000000000006bb"]]],
      ["imports", "00000000000006bb"]]],
    ["libs",
     [["import dynlibs", "00000000000006bb"],
      ["package external libraries", "00000000000006bb"],
      ["module dynlibs", "00000000000006bb"],
      ["module plugins", "00000000000006bb"]]]]],
  ["Lean 4.29.1, commit f72c35b3f637c8c6571d353742168ab66cc22c00",
   "fa77a35a41db35c0"],
  ["/workspace/hello-world/HelloWorld.lean", "dd103c7acb21d967"],
  ["options", "00000000000006bb"],
  ["isModule: false", "feefd2a0d3a1847e"],
  ["Module.name: HelloWorld", "96d3347a9aa18bf1"],
  ["Package.id?: (some hello-world)", "a3c2137928c43c4d"],
  ["Module.leanArgs: #[]", "00000000000006bb"]],
 "depHash": "7a5b6798d955955a"}